<?xml version="1.0" encoding="UTF-8"?>
<testsuite name="com.example.lab.service.UserServiceTest" tests="1" skipped="0" failures="0" errors="0" timestamp="2025-08-08T00:22:08.634Z" hostname="Daniels-MacBook-Pro.local" time="0.06">
  <properties/>
  <testcase name="shouldThrowWhenEmailExists()" classname="com.example.lab.service.UserServiceTest" time="0.06"/>
  <system-out><![CDATA[]]></system-out>
  <system-err><![CDATA[]]></system-err>
</testsuite>
