<?xml version="1.0" encoding="UTF-8"?>
<testsuite name="com.example.lab.service.UserServiceTest" tests="1" skipped="0" failures="0" errors="0" timestamp="2025-08-07T21:13:01.937Z" hostname="NJQ9P2PJC4MBP" time="0.037">
  <properties/>
  <testcase name="shouldThrowWhenEmailExists()" classname="com.example.lab.service.UserServiceTest" time="0.037"/>
  <system-out><![CDATA[]]></system-out>
  <system-err><![CDATA[]]></system-err>
</testsuite>
