<?xml version="1.0" encoding="UTF-8"?>
<testsuite name="com.example.lab.controller.UserControllerTest" tests="3" skipped="0" failures="0" errors="0" timestamp="2025-08-08T00:59:21.993Z" hostname="Daniels-MacBook-Pro.local" time="0.196">
  <properties/>
  <testcase name="shouldReturnConflictForDuplicateEmail()" classname="com.example.lab.controller.UserControllerTest" time="0.133"/>
  <testcase name="shouldReturnInternalServerErrorForUnexpectedException()" classname="com.example.lab.controller.UserControllerTest" time="0.004"/>
  <testcase name="shouldCreateUserSuccessfully()" classname="com.example.lab.controller.UserControllerTest" time="0.056"/>
  <system-out><![CDATA[19:59:20.454 [Test worker] INFO org.springframework.test.context.support.AnnotationConfigContextLoaderUtils -- Could not detect default configuration classes for test class [com.example.lab.controller.UserControllerTest]: UserControllerTest does not declare any static, non-private, non-final, nested classes annotated with @Configuration.
19:59:20.664 [Test worker] INFO org.springframework.boot.test.context.SpringBootTestContextBootstrapper -- Found @SpringBootConfiguration com.example.lab.GcpAiUnitTestLabApplication for test class com.example.lab.controller.UserControllerTest

  .   ____          _            __ _ _
 /\\ / ___'_ __ _ _(_)_ __  __ _ \ \ \ \
( ( )\___ | '_ | '_| | '_ \/ _` | \ \ \ \
 \\/  ___)| |_)| | | | | || (_| |  ) ) ) )
  '  |____| .__|_| |_|_| |_\__, | / / / /
 =========|_|==============|___/=/_/_/_/
 :: Spring Boot ::                (v3.2.9)

2025-08-07T19:59:21.095-05:00  WARN 95090 --- [    Test worker] ory$DuplicateJsonObjectContextCustomizer : 

Found multiple occurrences of org.json.JSONObject on the class path:

	jar:file:/Users/jdany/.gradle/caches/modules-2/files-2.1/org.json/json/20250517/d67181bbd819ccceb929b580a4e2fcb0c8b17cd8/json-20250517.jar!/org/json/JSONObject.class
	jar:file:/Users/jdany/.gradle/caches/modules-2/files-2.1/com.vaadin.external.google/android-json/0.0.20131108.vaadin1/fa26d351fe62a6a17f5cda1287c1c6110dec413f/android-json-0.0.20131108.vaadin1.jar!/org/json/JSONObject.class

You may wish to exclude one of them to ensure predictable runtime behavior

2025-08-07T19:59:21.111-05:00  INFO 95090 --- [    Test worker] c.e.lab.controller.UserControllerTest    : Starting UserControllerTest using Java 21.0.5 with PID 95090 (started by jdany in /Users/jdany/Downloads/gcp-ai-unit-test-lab)
2025-08-07T19:59:21.113-05:00  INFO 95090 --- [    Test worker] c.e.lab.controller.UserControllerTest    : No active profile set, falling back to 1 default profile: "default"
2025-08-07T19:59:21.957-05:00  INFO 95090 --- [    Test worker] o.s.b.t.m.w.SpringBootMockServletContext : Initializing Spring TestDispatcherServlet ''
2025-08-07T19:59:21.957-05:00  INFO 95090 --- [    Test worker] o.s.t.web.servlet.TestDispatcherServlet  : Initializing Servlet ''
2025-08-07T19:59:21.959-05:00  INFO 95090 --- [    Test worker] o.s.t.web.servlet.TestDispatcherServlet  : Completed initialization in 0 ms
2025-08-07T19:59:21.986-05:00  INFO 95090 --- [    Test worker] c.e.lab.controller.UserControllerTest    : Started UserControllerTest in 1.22 seconds (process running for 6.251)
]]></system-out>
  <system-err><![CDATA[]]></system-err>
</testsuite>
