<?xml version="1.0" encoding="UTF-8"?>
<testsuite name="com.example.lab.controller.UserControllerTest" tests="1" skipped="0" failures="0" errors="0" timestamp="2025-08-08T00:22:08.147Z" hostname="Daniels-MacBook-Pro.local" time="0.474">
  <properties/>
  <testcase name="shouldCreateUserSuccessfully()" classname="com.example.lab.controller.UserControllerTest" time="0.474"/>
  <system-out><![CDATA[19:22:04.173 [Test worker] INFO org.springframework.test.context.support.AnnotationConfigContextLoaderUtils -- Could not detect default configuration classes for test class [com.example.lab.controller.UserControllerTest]: UserControllerTest does not declare any static, non-private, non-final, nested classes annotated with @Configuration.
19:22:04.406 [Test worker] INFO org.springframework.boot.test.context.SpringBootTestContextBootstrapper -- Found @SpringBootConfiguration com.example.lab.GcpAiUnitTestLabApplication for test class com.example.lab.controller.UserControllerTest

  .   ____          _            __ _ _
 /\\ / ___'_ __ _ _(_)_ __  __ _ \ \ \ \
( ( )\___ | '_ | '_| | '_ \/ _` | \ \ \ \
 \\/  ___)| |_)| | | | | || (_| |  ) ) ) )
  '  |____| .__|_| |_|_| |_\__, | / / / /
 =========|_|==============|___/=/_/_/_/
 :: Spring Boot ::                (v3.2.9)

2025-08-07T19:22:05.031-05:00  WARN 93084 --- [    Test worker] ory$DuplicateJsonObjectContextCustomizer : 

Found multiple occurrences of org.json.JSONObject on the class path:

	jar:file:/Users/jdany/.gradle/caches/modules-2/files-2.1/org.json/json/20250517/d67181bbd819ccceb929b580a4e2fcb0c8b17cd8/json-20250517.jar!/org/json/JSONObject.class
	jar:file:/Users/jdany/.gradle/caches/modules-2/files-2.1/com.vaadin.external.google/android-json/0.0.20131108.vaadin1/fa26d351fe62a6a17f5cda1287c1c6110dec413f/android-json-0.0.20131108.vaadin1.jar!/org/json/JSONObject.class

You may wish to exclude one of them to ensure predictable runtime behavior

2025-08-07T19:22:05.046-05:00  INFO 93084 --- [    Test worker] c.e.lab.controller.UserControllerTest    : Starting UserControllerTest using Java 21.0.5 with PID 93084 (started by jdany in /Users/jdany/Downloads/gcp-ai-unit-test-lab)
2025-08-07T19:22:05.047-05:00  INFO 93084 --- [    Test worker] c.e.lab.controller.UserControllerTest    : No active profile set, falling back to 1 default profile: "default"
2025-08-07T19:22:08.075-05:00  INFO 93084 --- [    Test worker] o.s.b.t.m.w.SpringBootMockServletContext : Initializing Spring TestDispatcherServlet ''
2025-08-07T19:22:08.075-05:00  INFO 93084 --- [    Test worker] o.s.t.web.servlet.TestDispatcherServlet  : Initializing Servlet ''
2025-08-07T19:22:08.077-05:00  INFO 93084 --- [    Test worker] o.s.t.web.servlet.TestDispatcherServlet  : Completed initialization in 2 ms
2025-08-07T19:22:08.128-05:00  INFO 93084 --- [    Test worker] c.e.lab.controller.UserControllerTest    : Started UserControllerTest in 3.574 seconds (process running for 5.738)
]]></system-out>
  <system-err><![CDATA[[2025.08.07 19:22:04] (Coverage): Error during class instrumentation: org.springframework.http.client.ReactorResourceFactory: java.lang.RuntimeException: java.io.IOException: Class reactor/netty/resources/ConnectionProvider not found
[2025.08.07 19:22:04] (Coverage): Error during class instrumentation: org.springframework.boot.logging.log4j2.Log4J2LoggingSystem: java.lang.RuntimeException: java.io.IOException: Class org/apache/logging/log4j/core/config/composite/CompositeConfiguration not found
[2025.08.07 19:22:05] (Coverage): Error during class instrumentation: org.springframework.web.servlet.config.annotation.WebMvcConfigurationSupport: java.lang.RuntimeException: java.io.IOException: Class jakarta/validation/ValidatorFactory not found
WARNING: A Java agent has been loaded dynamically (/Users/jdany/.gradle/caches/modules-2/files-2.1/net.bytebuddy/byte-buddy-agent/1.14.19/154da3a65b4f4a909d3e5bdec55d1b2b4cbb6ce1/byte-buddy-agent-1.14.19.jar)
WARNING: If a serviceability tool is in use, please run with -XX:+EnableDynamicAgentLoading to hide this warning
WARNING: If a serviceability tool is not in use, please run with -Djdk.instrument.traceUsage for more information
WARNING: Dynamic loading of agents will be disallowed by default in a future release
[2025.08.07 19:22:07] (Coverage): Error during class instrumentation: org.springframework.core.ReactiveAdapterRegistry$ReactorAdapter: java.lang.RuntimeException: java.io.IOException: Class reactor/core/publisher/Flux not found
]]></system-err>
</testsuite>
